::1 - - [16/Aug/2025 12:27:06] "GET /cases.html HTTP/1.1" 304 -
::1 - - [16/Aug/2025 12:27:08] code 404, message File not found
::1 - - [16/Aug/2025 12:27:08] "GET /favicon.ico HTTP/1.1" 404 -
::1 - - [16/Aug/2025 12:27:09] "GET /legal_dashboard.html HTTP/1.1" 304 -
::1 - - [16/Aug/2025 12:27:30] "GET /case_details.html HTTP/1.1" 304 -
::1 - - [16/Aug/2025 12:28:12] "GET /clients.html HTTP/1.1" 304 -
::1 - - [16/Aug/2025 12:28:17] "GET /calendar.html HTTP/1.1" 304 -
::1 - - [16/Aug/2025 12:28:31] "GET /edit_case.html HTTP/1.1" 304 -
::1 - - [16/Aug/2025 12:28:38] "GET /add_case.html HTTP/1.1" 304 -
::1 - - [16/Aug/2025 12:41:30] "GET /case_details.html?cnr=KAUP050003552024 HTTP/1.1" 200 -
::1 - - [16/Aug/2025 13:43:26] "GET /clients.html HTTP/1.1" 200 -
::1 - - [16/Aug/2025 13:43:27] "GET /clients.html HTTP/1.1" 304 -
::1 - - [16/Aug/2025 13:43:55] "GET /clients.html HTTP/1.1" 304 -
::1 - - [16/Aug/2025 13:43:58] "GET /clients.html HTTP/1.1" 304 -
::1 - - [16/Aug/2025 13:44:12] "GET /clients.html HTTP/1.1" 200 -
::1 - - [16/Aug/2025 13:44:13] "GET /clients.html HTTP/1.1" 304 -
::1 - - [16/Aug/2025 13:44:21] "GET /cases.html HTTP/1.1" 304 -
::1 - - [16/Aug/2025 13:45:06] "GET /clients.html HTTP/1.1" 200 -
::1 - - [16/Aug/2025 13:45:08] "GET /clients.html HTTP/1.1" 304 -
::1 - - [16/Aug/2025 13:45:08] "GET /clients.html HTTP/1.1" 304 -
::1 - - [16/Aug/2025 13:45:09] "GET /clients.html HTTP/1.1" 304 -
::1 - - [16/Aug/2025 13:49:39] "GET /clients.html HTTP/1.1" 200 -
::1 - - [16/Aug/2025 13:49:41] "GET /clients.html HTTP/1.1" 200 -
::1 - - [16/Aug/2025 13:49:41] "GET /clients.html HTTP/1.1" 304 -
::1 - - [16/Aug/2025 13:49:42] "GET /clients.html HTTP/1.1" 304 -
::1 - - [16/Aug/2025 13:49:42] "GET /clients.html HTTP/1.1" 304 -
::1 - - [16/Aug/2025 13:49:42] "GET /clients.html HTTP/1.1" 304 -
::1 - - [16/Aug/2025 13:49:43] "GET /clients.html HTTP/1.1" 304 -
::1 - - [16/Aug/2025 13:49:43] "GET /clients.html HTTP/1.1" 304 -
::1 - - [16/Aug/2025 13:49:43] "GET /clients.html HTTP/1.1" 304 -
::1 - - [16/Aug/2025 13:49:43] "GET /clients.html HTTP/1.1" 304 -
::1 - - [16/Aug/2025 13:49:44] "GET /clients.html HTTP/1.1" 304 -
::1 - - [16/Aug/2025 13:49:44] "GET /clients.html HTTP/1.1" 304 -
::1 - - [16/Aug/2025 13:49:44] "GET /clients.html HTTP/1.1" 304 -
::1 - - [16/Aug/2025 13:49:44] "GET /clients.html HTTP/1.1" 304 -
::1 - - [16/Aug/2025 13:49:45] "GET /clients.html HTTP/1.1" 304 -
::1 - - [16/Aug/2025 13:49:45] "GET /clients.html HTTP/1.1" 304 -
::1 - - [16/Aug/2025 13:49:45] "GET /clients.html HTTP/1.1" 304 -
::1 - - [16/Aug/2025 13:49:59] "GET /clients.html HTTP/1.1" 304 -
::1 - - [16/Aug/2025 13:51:40] "GET /clients.html HTTP/1.1" 200 -
::1 - - [16/Aug/2025 13:52:03] "GET /clients.html HTTP/1.1" 304 -
::1 - - [16/Aug/2025 13:53:02] "GET /clients.html HTTP/1.1" 200 -
::1 - - [16/Aug/2025 13:54:49] "GET /clients.html HTTP/1.1" 200 -
::1 - - [16/Aug/2025 13:57:35] "GET /clients.html HTTP/1.1" 304 -
::1 - - [16/Aug/2025 13:58:05] "GET /clients.html HTTP/1.1" 304 -
::1 - - [16/Aug/2025 14:12:46] "GET /clients.html HTTP/1.1" 304 -
::1 - - [16/Aug/2025 14:22:37] "GET /cases.html HTTP/1.1" 304 -
::1 - - [16/Aug/2025 14:22:38] "GET /cases.html HTTP/1.1" 304 -
::1 - - [16/Aug/2025 14:22:38] "GET /cases.html HTTP/1.1" 304 -
::1 - - [16/Aug/2025 14:22:38] "GET /cases.html HTTP/1.1" 304 -
::1 - - [16/Aug/2025 14:22:38] "GET /cases.html HTTP/1.1" 304 -
::1 - - [16/Aug/2025 14:22:39] "GET /cases.html HTTP/1.1" 304 -
::1 - - [16/Aug/2025 14:22:39] "GET /cases.html HTTP/1.1" 304 -
::1 - - [16/Aug/2025 14:22:39] "GET /cases.html HTTP/1.1" 304 -
::1 - - [16/Aug/2025 14:23:33] "GET /clients.html HTTP/1.1" 304 -
::1 - - [16/Aug/2025 14:27:29] "GET /add_case.html HTTP/1.1" 200 -
::1 - - [16/Aug/2025 14:27:30] "GET /add_case.html HTTP/1.1" 304 -
::1 - - [16/Aug/2025 14:27:32] "GET /add_case.html HTTP/1.1" 304 -
::1 - - [16/Aug/2025 14:27:32] "GET /add_case.html HTTP/1.1" 304 -
::1 - - [16/Aug/2025 14:28:05] "GET /add_case.html HTTP/1.1" 200 -
::1 - - [16/Aug/2025 14:29:31] "GET /add_case.html HTTP/1.1" 200 -
::1 - - [16/Aug/2025 14:30:47] "GET /add_case.html HTTP/1.1" 200 -
::1 - - [16/Aug/2025 14:30:53] "GET /add_case.html HTTP/1.1" 304 -
::1 - - [16/Aug/2025 14:30:54] "GET /add_case.html HTTP/1.1" 304 -
::1 - - [16/Aug/2025 14:30:54] "GET /add_case.html HTTP/1.1" 304 -
::1 - - [16/Aug/2025 14:30:54] "GET /add_case.html HTTP/1.1" 304 -
::1 - - [16/Aug/2025 14:31:59] "GET /legal_dashboard.html HTTP/1.1" 304 -
::1 - - [16/Aug/2025 14:31:59] "GET /legal_dashboard.html HTTP/1.1" 304 -
::1 - - [16/Aug/2025 14:31:59] "GET /legal_dashboard.html HTTP/1.1" 304 -
::1 - - [16/Aug/2025 14:32:02] "GET /add_case.html HTTP/1.1" 200 -
::1 - - [16/Aug/2025 14:33:38] "GET /add_case.html HTTP/1.1" 200 -
::1 - - [16/Aug/2025 14:34:44] "GET /add_case.html HTTP/1.1" 200 -
::1 - - [16/Aug/2025 14:34:45] "GET /add_case.html HTTP/1.1" 304 -
::1 - - [16/Aug/2025 14:34:46] "GET /add_case.html HTTP/1.1" 304 -
::1 - - [16/Aug/2025 14:36:09] "GET /add_case.html HTTP/1.1" 200 -
::1 - - [16/Aug/2025 14:36:10] "GET /add_case.html HTTP/1.1" 304 -
::1 - - [16/Aug/2025 14:37:48] "GET /add_case.html HTTP/1.1" 200 -
::1 - - [16/Aug/2025 14:39:30] "GET /add_case.html HTTP/1.1" 200 -
::1 - - [16/Aug/2025 14:40:45] "GET /clients.html HTTP/1.1" 304 -
::1 - - [16/Aug/2025 14:47:53] "GET /add_case.html HTTP/1.1" 200 -
::1 - - [16/Aug/2025 22:50:09] "GET /clients.html HTTP/1.1" 304 -
::1 - - [16/Aug/2025 23:20:39] "GET /legal_dashboard.html HTTP/1.1" 304 -
::1 - - [16/Aug/2025 23:20:40] "GET /legal_dashboard.html HTTP/1.1" 304 -
::1 - - [16/Aug/2025 23:20:41] "GET /legal_dashboard.html HTTP/1.1" 304 -
::1 - - [16/Aug/2025 23:20:52] "GET /login.html HTTP/1.1" 200 -
::1 - - [16/Aug/2025 23:21:03] "GET /login.html HTTP/1.1" 304 -
::1 - - [16/Aug/2025 23:21:05] "GET /login.html HTTP/1.1" 304 -
::1 - - [16/Aug/2025 23:21:06] "GET /login.html HTTP/1.1" 304 -
::1 - - [16/Aug/2025 23:21:07] "GET /login.html HTTP/1.1" 304 -
::1 - - [16/Aug/2025 23:30:10] "GET /login.html HTTP/1.1" 200 -
::1 - - [16/Aug/2025 23:30:17] "GET /add_case.html HTTP/1.1" 200 -
::1 - - [16/Aug/2025 23:30:24] "GET /add_case.html HTTP/1.1" 304 -
::1 - - [17/Aug/2025 00:06:06] "GET /login.html HTTP/1.1" 200 -
::1 - - [17/Aug/2025 00:06:34] "GET /login.html HTTP/1.1" 304 -
::1 - - [17/Aug/2025 00:06:34] "GET /login.html HTTP/1.1" 304 -
::1 - - [17/Aug/2025 00:06:34] "GET /login.html HTTP/1.1" 304 -
::1 - - [17/Aug/2025 00:06:35] "GET /login.html HTTP/1.1" 304 -
::1 - - [17/Aug/2025 00:06:35] "GET /login.html HTTP/1.1" 304 -
::1 - - [17/Aug/2025 00:17:37] "GET /login.html HTTP/1.1" 200 -
::1 - - [17/Aug/2025 00:28:30] "GET /login.html HTTP/1.1" 200 -
::1 - - [17/Aug/2025 00:39:37] "GET /login.html HTTP/1.1" 200 -
::1 - - [17/Aug/2025 00:41:30] "GET /login.html HTTP/1.1" 304 -
::1 - - [17/Aug/2025 00:48:07] "GET /login.html HTTP/1.1" 200 -
::1 - - [17/Aug/2025 00:50:16] "GET /login.html HTTP/1.1" 200 -
::1 - - [17/Aug/2025 00:53:25] "GET /login.html HTTP/1.1" 304 -
::1 - - [17/Aug/2025 00:53:26] "GET /login.html HTTP/1.1" 304 -
::1 - - [17/Aug/2025 00:53:32] "GET /add_case.html HTTP/1.1" 200 -
::1 - - [17/Aug/2025 18:33:59] "GET /login.html HTTP/1.1" 304 -
::1 - - [17/Aug/2025 18:33:59] "GET /login.html HTTP/1.1" 304 -
::1 - - [17/Aug/2025 18:34:00] "GET /login.html HTTP/1.1" 304 -
::1 - - [17/Aug/2025 18:34:01] "GET /login.html HTTP/1.1" 304 -
::1 - - [17/Aug/2025 18:34:01] "GET /login.html HTTP/1.1" 304 -
::1 - - [17/Aug/2025 18:34:01] "GET /login.html HTTP/1.1" 304 -
::1 - - [17/Aug/2025 18:34:02] "GET /login.html HTTP/1.1" 304 -
::1 - - [17/Aug/2025 18:34:12] "GET /login.html HTTP/1.1" 200 -
::1 - - [17/Aug/2025 23:37:14] "GET /login.html HTTP/1.1" 200 -
::1 - - [17/Aug/2025 23:37:15] "GET /login.html HTTP/1.1" 304 -
::1 - - [17/Aug/2025 23:37:15] "GET /login.html HTTP/1.1" 304 -
::1 - - [17/Aug/2025 23:37:15] "GET /login.html HTTP/1.1" 304 -
::1 - - [17/Aug/2025 23:37:16] "GET /login.html HTTP/1.1" 304 -
::1 - - [17/Aug/2025 23:59:49] "GET /login.html HTTP/1.1" 200 -
::1 - - [17/Aug/2025 23:59:52] "GET /login.html HTTP/1.1" 304 -
::1 - - [18/Aug/2025 00:27:02] "GET /login.html HTTP/1.1" 200 -
::1 - - [18/Aug/2025 00:27:03] "GET /login.html HTTP/1.1" 304 -
